2019-10-16 03:33:28 +0000  Initial pipeline context: <IDEDistributionProcessingPipelineContext: 0x7fb8cb63c200; archive(resolved)='<IDEArchive: 0x7fb8e5d20750>', distributionTask(resolved)='2', distributionDestination(resolved)='1', distributionMethod(resolved)='<IDEDistributionMethodiOSEnterprise: 0x7fb8e181f6d0>', team(resolved)='<IDEProvisioningDisambiguatableBasicTeam: 0x7fb8e6ada440; teamID='GEUX5D8A35', teamName='China Southern Power GRID CO., LTD.', teamType='(null)', username='(null)', isFreeProvisioningTeam='0'>'>
	Chain (12, self inclusive):
	<IDEDistributionProcessingPipelineContext: 0x7fb8cb63c200; archive = '<IDEArchive: 0x7fb8e5d20750>', distributionMethod='<IDEDistributionMethodiOSEnterprise: 0x7fb8e181f6d0>', team='<IDEProvisioningDisambiguatableBasicTeam: 0x7fb8e6ada440; teamID='GEUX5D8A35', teamName='China Southern Power GRID CO., LTD.', teamType='(null)', username='(null)', isFreeProvisioningTeam='0'>'>
	<IDEDistributionProcessingPipelineContext: 0x7fb8cc270480; archive = '<IDEArchive: 0x7fb8e5d20750>', distributionMethod='<IDEDistributionMethodiOSEnterprise: 0x7fb8e181f6d0>', team='<IDEProvisioningDisambiguatableBasicTeam: 0x7fb8e6ada440; teamID='GEUX5D8A35', teamName='China Southern Power GRID CO., LTD.', teamType='(null)', username='(null)', isFreeProvisioningTeam='0'>'>
	<IDEDistributionContext: 0x7fb8cb32eb10; archive = '<IDEArchive: 0x7fb8e5d20750>', distributionMethod='<IDEDistributionMethodiOSEnterprise: 0x7fb8e181f6d0>', team='<IDEProvisioningDisambiguatableBasicTeam: 0x7fb8e6ada440; teamID='GEUX5D8A35', teamName='China Southern Power GRID CO., LTD.', teamType='(null)', username='(null)', isFreeProvisioningTeam='0'>'>
	<IDEDistributionContext: 0x7fb8cb3c33d0; archive = '<IDEArchive: 0x7fb8e5d20750>', distributionMethod='<IDEDistributionMethodiOSEnterprise: 0x7fb8e181f6d0>', team='<IDEProvisioningDisambiguatableBasicTeam: 0x7fb8e6ada440; teamID='GEUX5D8A35', teamName='China Southern Power GRID CO., LTD.', teamType='(null)', username='(null)', isFreeProvisioningTeam='0'>'>
	<IDEDistributionContext: 0x7fb8e6d986f0; archive = '<IDEArchive: 0x7fb8e5d20750>', distributionMethod='<IDEDistributionMethodiOSEnterprise: 0x7fb8e181f6d0>', team='<IDEProvisioningDisambiguatableBasicTeam: 0x7fb8e6ada440; teamID='GEUX5D8A35', teamName='China Southern Power GRID CO., LTD.', teamType='(null)', username='(null)', isFreeProvisioningTeam='0'>'>
	<IDEDistributionContext: 0x7fb8cb2e1610; archive = '<IDEArchive: 0x7fb8e5d20750>', distributionMethod='<IDEDistributionMethodiOSEnterprise: 0x7fb8e181f6d0>', team='<IDEProvisioningDisambiguatableBasicTeam: 0x7fb8e6ada440; teamID='GEUX5D8A35', teamName='China Southern Power GRID CO., LTD.', teamType='(null)', username='(null)', isFreeProvisioningTeam='0'>'>
	<IDEDistributionContext: 0x7fb8de9bcc30; archive = '<IDEArchive: 0x7fb8e5d20750>', distributionMethod='<IDEDistributionMethodiOSEnterprise: 0x7fb8e181f6d0>', team='<IDEProvisioningDisambiguatableBasicTeam: 0x7fb8e6ada440; teamID='GEUX5D8A35', teamName='China Southern Power GRID CO., LTD.', teamType='(null)', username='(null)', isFreeProvisioningTeam='0'>'>
	<IDEDistributionContext: 0x7fb8e5f8c970; archive = '<IDEArchive: 0x7fb8e5d20750>', distributionMethod='<IDEDistributionMethodiOSEnterprise: 0x7fb8e181f6d0>', team='<IDEProvisioningDisambiguatableBasicTeam: 0x7fb8e6ada440; teamID='GEUX5D8A35', teamName='China Southern Power GRID CO., LTD.', teamType='(null)', username='(null)', isFreeProvisioningTeam='0'>'>
	<IDEDistributionContext: 0x7fb8de9fbca0; archive = '<IDEArchive: 0x7fb8e5d20750>', distributionMethod='<IDEDistributionMethodiOSEnterprise: 0x7fb8e181f6d0>', team='<IDEProvisioningDisambiguatableBasicTeam: 0x7fb8e6ada440; teamID='GEUX5D8A35', teamName='China Southern Power GRID CO., LTD.', teamType='(null)', username='(null)', isFreeProvisioningTeam='0'>'>
	<IDEDistributionContext: 0x7fb8de9fbb30; archive = '<IDEArchive: 0x7fb8e5d20750>', distributionMethod='<IDEDistributionMethodiOSEnterprise: 0x7fb8e181f6d0>', team='(null)'>
	<IDEDistributionContext: 0x7fb8df81f710; archive = '<IDEArchive: 0x7fb8e5d20750>', distributionMethod='<IDEDistributionMethodiOSEnterprise: 0x7fb8e181f6d0>', team='(null)'>
	<IDEDistributionContext: 0x7fb8df823670; archive = '<IDEArchive: 0x7fb8e5d20750>', distributionMethod='(null)', team='(null)'>
</IDEDistributionProcessingPipelineContext: 0x7fb8cb63c200>
2019-10-16 03:33:28 +0000  Processing step: IDEDistributionCreateDestRootStep
2019-10-16 03:33:28 +0000  Processing step: IDEDistributionCopyItemStep
2019-10-16 03:33:28 +0000  Running /usr/bin/ditto '-V' '/Users/liyuqing/Library/Developer/Xcode/Archives/2019-10-16/O2Oapp 2019-10-16, 11.31 AM.xcarchive/Products/Applications/O2Oapp.app' '/var/folders/vq/gbjt8cld2pd8xkqv2vq8x2f80000gn/T/XcodeDistPipeline.X1v/Root/Payload/O2Oapp.app'
2019-10-16 03:33:28 +0000  >>> Copying /Users/liyuqing/Library/Developer/Xcode/Archives/2019-10-16/O2Oapp 2019-10-16, 11.31 AM.xcarchive/Products/Applications/O2Oapp.app 
2019-10-16 03:33:28 +0000  copying file ./_CodeSignature/CodeResources ... 
2019-10-16 03:33:28 +0000  3895 bytes for ./_CodeSignature/CodeResources
2019-10-16 03:33:28 +0000  copying file ./Base.lproj/Main.storyboardc/UIViewController-BYZ-38-t0r.nib ... 
2019-10-16 03:33:28 +0000  916 bytes for ./Base.lproj/Main.storyboardc/UIViewController-BYZ-38-t0r.nib
2019-10-16 03:33:28 +0000  copying file ./Base.lproj/Main.storyboardc/BYZ-38-t0r-view-8bC-Xf-vdC.nib ... 
2019-10-16 03:33:28 +0000  1136 bytes for ./Base.lproj/Main.storyboardc/BYZ-38-t0r-view-8bC-Xf-vdC.nib
2019-10-16 03:33:28 +0000  copying file ./Base.lproj/Main.storyboardc/Info.plist ... 
2019-10-16 03:33:28 +0000  258 bytes for ./Base.lproj/Main.storyboardc/Info.plist
2019-10-16 03:33:28 +0000  copying file ./Base.lproj/LaunchScreen.storyboardc/01J-lp-oVM-view-Ze5-6b-2t3.nib ... 
2019-10-16 03:33:28 +0000  1136 bytes for ./Base.lproj/LaunchScreen.storyboardc/01J-lp-oVM-view-Ze5-6b-2t3.nib
2019-10-16 03:33:28 +0000  copying file ./Base.lproj/LaunchScreen.storyboardc/UIViewController-01J-lp-oVM.nib ... 
2019-10-16 03:33:28 +0000  832 bytes for ./Base.lproj/LaunchScreen.storyboardc/UIViewController-01J-lp-oVM.nib
2019-10-16 03:33:28 +0000  copying file ./Base.lproj/LaunchScreen.storyboardc/Info.plist ... 
2019-10-16 03:33:28 +0000  258 bytes for ./Base.lproj/LaunchScreen.storyboardc/Info.plist
2019-10-16 03:33:28 +0000  copying file ./O2Oapp ... 
2019-10-16 03:33:28 +0000  136416 bytes for ./O2Oapp
2019-10-16 03:33:28 +0000  copying file ./embedded.mobileprovision ... 
2019-10-16 03:33:28 +0000  7637 bytes for ./embedded.mobileprovision
2019-10-16 03:33:28 +0000  copying file ./Info.plist ... 
2019-10-16 03:33:28 +0000  1134 bytes for ./Info.plist
copying file ./PkgInfo ... 
2019-10-16 03:33:28 +0000  8 bytes for ./PkgInfo
2019-10-16 03:33:28 +0000  /usr/bin/ditto exited with 0
2019-10-16 03:33:28 +0000  Processing step: IDEDistributionEmbedProfileStep
2019-10-16 03:33:28 +0000  Processing step: IDEDistributionAppThinningPlistStep
2019-10-16 03:33:28 +0000  Skipping step: IDEDistributionAppThinningPlistStep because it said so
2019-10-16 03:33:28 +0000  Processing step: IDEDistributionCompileBitcodeStep
2019-10-16 03:33:28 +0000  Running /Applications/Xcode.app/Contents/Developer/usr/bin/ipatool '/var/folders/vq/gbjt8cld2pd8xkqv2vq8x2f80000gn/T/XcodeDistPipeline.X1v/Root' '--json' '/var/folders/vq/gbjt8cld2pd8xkqv2vq8x2f80000gn/T/ipatool-json-filepath-JFWR1U' '--compile-bitcode' '--output' '/var/folders/vq/gbjt8cld2pd8xkqv2vq8x2f80000gn/T/IDEIPAProcessor.AppThinning.vW9' '--toolchain' '/Applications/Xcode.app/Contents/Developer/Toolchains/XcodeDefault.xctoolchain/usr' '--platforms' '/Applications/Xcode.app/Contents/Developer/Platforms' '--app-store-tools-build-version' '10B61'
2019-10-16 03:33:28 +0000  ruby 2.3.7p456 (2018-03-28 revision 63024) [universal.x86_64-darwin18]
2019-10-16 03:33:29 +0000  /Applications/Xcode.app/Contents/Developer/usr/bin/ipatool:3155: warning: shadowing outer local variable - c
/Applications/Xcode.app/Contents/Developer/usr/bin/ipatool:3161: warning: shadowing outer local variable - c
/Applications/Xcode.app/Contents/Developer/usr/bin/ipatool:3164: warning: shadowing outer local variable - c
2019-10-16 03:33:29 +0000  /Applications/Xcode.app/Contents/Developer/usr/bin/ipatool:3154: warning: assigned but unused variable - prod
/Applications/Xcode.app/Contents/Developer/usr/bin/ipatool:3428: warning: mismatched indentations at 'end' with 'def' at 3355
2019-10-16 03:33:29 +0000  /System/Library/Frameworks/Ruby.framework/Versions/2.3/usr/lib/ruby/gems/2.3.0/gems/libxml-ruby-2.9.0/lib/libxml/schema/type.rb:8: warning: method redefined; discarding old annotation
2019-10-16 03:33:29 +0000  /System/Library/Frameworks/Ruby.framework/Versions/2.3/usr/lib/ruby/gems/2.3.0/gems/libxml-ruby-2.9.0/lib/libxml/schema/element.rb:18: warning: method redefined; discarding old annotation
2019-10-16 03:33:29 +0000  OS X 10.14.2 18C54
2019-10-16 03:33:29 +0000  ENV: {"PATH"=>"/Applications/Xcode.app/Contents/Developer/Toolchains/XcodeDefault.xctoolchain/usr/bin:/Applications/Xcode.app/Contents/Developer/Toolchains/XcodeDefault.xctoolchain/usr/local/bin:/Applications/Xcode.app/Contents/Developer/Toolchains/XcodeDefault.xctoolchain/usr/libexec:/Applications/Xcode.app/Contents/Developer/usr/bin:/Applications/Xcode.app/Contents/Developer/usr/local/bin:/Applications/Xcode.app/Contents/Developer/Tools:/usr/bin:/bin:/usr/sbin:/sbin", "MallocNanoZone"=>"0", "TMPDIR"=>"/var/folders/vq/gbjt8cld2pd8xkqv2vq8x2f80000gn/T/", "LOGNAME"=>"liyuqing", "XPC_FLAGS"=>"0x0", "HOME"=>"/Users/liyuqing", "Apple_PubSub_Socket_Render"=>"/private/tmp/com.apple.launchd.roYO1rluRU/Render", "USER"=>"liyuqing", "SSH_AUTH_SOCK"=>"/private/tmp/com.apple.launchd.rHRaGlv2Q0/Listeners", "XPC_SERVICE_NAME"=>"com.apple.dt.Xcode.4232", "CA_ASSERT_MAIN_THREAD_TRANSACTIONS"=>"1", "SHELL"=>"/bin/bash", "__CF_USER_TEXT_ENCODING"=>"0x1F5:0x19:0x34", "CA_DEBUG_TRANSACTIONS"=>"1"}
ARGV: ["/var/folders/vq/gbjt8cld2pd8xkqv2vq8x2f80000gn/T/XcodeDistPipeline.X1v/Root", "--json", "/var/folders/vq/gbjt8cld2pd8xkqv2vq8x2f80000gn/T/ipatool-json-filepath-JFWR1U", "--compile-bitcode", "--output", "/var/folders/vq/gbjt8cld2pd8xkqv2vq8x2f80000gn/T/IDEIPAProcessor.AppThinning.vW9", "--toolchain", "/Applications/Xcode.app/Contents/Developer/Toolchains/XcodeDefault.xctoolchain/usr", "--platforms", "/Applications/Xcode.app/Contents/Developer/Platforms", "--app-store-tools-build-version", "10B61"]
2019-10-16 03:33:29 +0000  ---
IPA contents:
2019-10-16 03:33:29 +0000  /var/folders/vq/gbjt8cld2pd8xkqv2vq8x2f80000gn/T/XcodeDistPipeline.X1v/Root
/var/folders/vq/gbjt8cld2pd8xkqv2vq8x2f80000gn/T/XcodeDistPipeline.X1v/Root/Payload
/var/folders/vq/gbjt8cld2pd8xkqv2vq8x2f80000gn/T/XcodeDistPipeline.X1v/Root/Payload/O2Oapp.app
/var/folders/vq/gbjt8cld2pd8xkqv2vq8x2f80000gn/T/XcodeDistPipeline.X1v/Root/Payload/O2Oapp.app/Base.lproj
/var/folders/vq/gbjt8cld2pd8xkqv2vq8x2f80000gn/T/XcodeDistPipeline.X1v/Root/Payload/O2Oapp.app/Base.lproj/LaunchScreen.storyboardc
/var/folders/vq/gbjt8cld2pd8xkqv2vq8x2f80000gn/T/XcodeDistPipeline.X1v/Root/Payload/O2Oapp.app/Base.lproj/LaunchScreen.storyboardc/01J-lp-oVM-view-Ze5-6b-2t3.nib
/var/folders/vq/gbjt8cld2pd8xkqv2vq8x2f80000gn/T/XcodeDistPipeline.X1v/Root/Payload/O2Oapp.app/Base.lproj/LaunchScreen.storyboardc/Info.plist
/var/folders/vq/gbjt8cld2pd8xkqv2vq8x2f80000gn/T/XcodeDistPipeline.X1v/Root/Payload/O2Oapp.app/Base.lproj/LaunchScreen.storyboardc/UIViewController-01J-lp-oVM.nib
/var/folders/vq/gbjt8cld2pd8xkqv2vq8x2f80000gn/T/XcodeDistPipeline.X1v/Root/Payload/O2Oapp.app/Base.lproj/Main.storyboardc
/var/folders/vq/gbjt8cld2pd8xkqv2vq8x2f80000gn/T/XcodeDistPipeline.X1v/Root/Payload/O2Oapp.app/Base.lproj/Main.storyboardc/BYZ-38-t0r-view-8bC-Xf-vdC.nib
/var/folders/vq/gbjt8cld2pd8xkqv2vq8x2f80000gn/T/XcodeDistPipeline.X1v/Root/Payload/O2Oapp.app/Base.lproj/Main.storyboardc/Info.plist
/var/folders/vq/gbjt8cld2pd8xkqv2vq8x2f80000gn/T/XcodeDistPipeline.X1v/Root/Payload/O2Oapp.app/Base.lproj/Main.storyboardc/UIViewController-BYZ-38-t0r.nib
/var/folders/vq/gbjt8cld2pd8xkqv2vq8x2f80000gn/T/XcodeDistPipeline.X1v/Root/Payload/O2Oapp.app/Info.plist
/var/folders/vq/gbjt8cld2pd8xkqv2vq8x2f80000gn/T/XcodeDistPipeline.X1v/Root/Payload/O2Oapp.app/O2Oapp
/var/folders/vq/gbjt8cld2pd8xkqv2vq8x2f80000gn/T/XcodeDistPipeline.X1v/Root/Payload/O2Oapp.app/PkgInfo
/var/folders/vq/gbjt8cld2pd8xkqv2vq8x2f80000gn/T/XcodeDistPipeline.X1v/Root/Payload/O2Oapp.app/_CodeSignature
/var/folders/vq/gbjt8cld2pd8xkqv2vq8x2f80000gn/T/XcodeDistPipeline.X1v/Root/Payload/O2Oapp.app/_CodeSignature/CodeResources
/var/folders/vq/gbjt8cld2pd8xkqv2vq8x2f80000gn/T/XcodeDistPipeline.X1v/Root/Payload/O2Oapp.app/embedded.mobileprovision
---
2019-10-16 03:33:29 +0000  warning: Configuration issue: platform AppleTVSimulator.platform doesn't have any non-simulator SDKs; ignoring it
2019-10-16 03:33:29 +0000  warning: Configuration issue: platform WatchSimulator.platform doesn't have any non-simulator SDKs; ignoring it
2019-10-16 03:33:29 +0000  warning: Configuration issue: platform iPhoneSimulator.platform doesn't have any non-simulator SDKs; ignoring it
2019-10-16 03:33:29 +0000  Scanning IPA...
2019-10-16 03:33:29 +0000  /usr/bin/file -b -- /var/folders/vq/gbjt8cld2pd8xkqv2vq8x2f80000gn/T/XcodeDistPipeline.X1v/Root/Payload/O2Oapp.app/Base.lproj/LaunchScreen.storyboardc/01J-lp-oVM-view-Ze5-6b-2t3.nib
2019-10-16 03:33:29 +0000      Command exited with pid 17602 exit 0:
    /usr/bin/file -b -- /var/folders/vq/gbjt8cld2pd8xkqv2vq8x2f80000gn/T/XcodeDistPipeline.X1v/Root/Payload/O2Oapp.app/Base.lproj/LaunchScreen.storyboardc/01J-lp-oVM-view-Ze5-6b-2t3.nib
    Stdout:
        data
    
    Stderr:
    
2019-10-16 03:33:29 +0000  /usr/bin/file -b -- /var/folders/vq/gbjt8cld2pd8xkqv2vq8x2f80000gn/T/XcodeDistPipeline.X1v/Root/Payload/O2Oapp.app/Base.lproj/LaunchScreen.storyboardc/Info.plist
2019-10-16 03:33:29 +0000      Command exited with pid 17603 exit 0:
    /usr/bin/file -b -- /var/folders/vq/gbjt8cld2pd8xkqv2vq8x2f80000gn/T/XcodeDistPipeline.X1v/Root/Payload/O2Oapp.app/Base.lproj/LaunchScreen.storyboardc/Info.plist
    Stdout:
        Apple binary property list
    
    Stderr:
    
2019-10-16 03:33:29 +0000  /usr/bin/file -b -- /var/folders/vq/gbjt8cld2pd8xkqv2vq8x2f80000gn/T/XcodeDistPipeline.X1v/Root/Payload/O2Oapp.app/Base.lproj/LaunchScreen.storyboardc/UIViewController-01J-lp-oVM.nib
2019-10-16 03:33:29 +0000      Command exited with pid 17604 exit 0:
    /usr/bin/file -b -- /var/folders/vq/gbjt8cld2pd8xkqv2vq8x2f80000gn/T/XcodeDistPipeline.X1v/Root/Payload/O2Oapp.app/Base.lproj/LaunchScreen.storyboardc/UIViewController-01J-lp-oVM.nib
    Stdout:
        data
    
    Stderr:
    
2019-10-16 03:33:29 +0000  /usr/bin/file -b -- /var/folders/vq/gbjt8cld2pd8xkqv2vq8x2f80000gn/T/XcodeDistPipeline.X1v/Root/Payload/O2Oapp.app/Base.lproj/Main.storyboardc/BYZ-38-t0r-view-8bC-Xf-vdC.nib
2019-10-16 03:33:29 +0000      Command exited with pid 17606 exit 0:
    /usr/bin/file -b -- /var/folders/vq/gbjt8cld2pd8xkqv2vq8x2f80000gn/T/XcodeDistPipeline.X1v/Root/Payload/O2Oapp.app/Base.lproj/Main.storyboardc/BYZ-38-t0r-view-8bC-Xf-vdC.nib
    Stdout:
        data
    
    Stderr:
    
2019-10-16 03:33:29 +0000  /usr/bin/file -b -- /var/folders/vq/gbjt8cld2pd8xkqv2vq8x2f80000gn/T/XcodeDistPipeline.X1v/Root/Payload/O2Oapp.app/Base.lproj/Main.storyboardc/Info.plist
2019-10-16 03:33:29 +0000      Command exited with pid 17607 exit 0:
    /usr/bin/file -b -- /var/folders/vq/gbjt8cld2pd8xkqv2vq8x2f80000gn/T/XcodeDistPipeline.X1v/Root/Payload/O2Oapp.app/Base.lproj/Main.storyboardc/Info.plist
    Stdout:
        Apple binary property list
    
    Stderr:
    
2019-10-16 03:33:29 +0000  /usr/bin/file -b -- /var/folders/vq/gbjt8cld2pd8xkqv2vq8x2f80000gn/T/XcodeDistPipeline.X1v/Root/Payload/O2Oapp.app/Base.lproj/Main.storyboardc/UIViewController-BYZ-38-t0r.nib
2019-10-16 03:33:29 +0000      Command exited with pid 17608 exit 0:
    /usr/bin/file -b -- /var/folders/vq/gbjt8cld2pd8xkqv2vq8x2f80000gn/T/XcodeDistPipeline.X1v/Root/Payload/O2Oapp.app/Base.lproj/Main.storyboardc/UIViewController-BYZ-38-t0r.nib
    Stdout:
        data
    
    Stderr:
    
2019-10-16 03:33:29 +0000  /usr/bin/file -b -- /var/folders/vq/gbjt8cld2pd8xkqv2vq8x2f80000gn/T/XcodeDistPipeline.X1v/Root/Payload/O2Oapp.app/Info.plist
2019-10-16 03:33:29 +0000      Command exited with pid 17609 exit 0:
    /usr/bin/file -b -- /var/folders/vq/gbjt8cld2pd8xkqv2vq8x2f80000gn/T/XcodeDistPipeline.X1v/Root/Payload/O2Oapp.app/Info.plist
    Stdout:
        Apple binary property list
    
    Stderr:
    
2019-10-16 03:33:29 +0000  /usr/bin/file -b -- /var/folders/vq/gbjt8cld2pd8xkqv2vq8x2f80000gn/T/XcodeDistPipeline.X1v/Root/Payload/O2Oapp.app/O2Oapp
2019-10-16 03:33:29 +0000      Command exited with pid 17610 exit 0:
    /usr/bin/file -b -- /var/folders/vq/gbjt8cld2pd8xkqv2vq8x2f80000gn/T/XcodeDistPipeline.X1v/Root/Payload/O2Oapp.app/O2Oapp
    Stdout:
        Mach-O 64-bit executable arm64
    
    Stderr:
    
2019-10-16 03:33:29 +0000  /Applications/Xcode.app/Contents/Developer/Toolchains/XcodeDefault.xctoolchain/usr/bin/lipo -info /var/folders/vq/gbjt8cld2pd8xkqv2vq8x2f80000gn/T/XcodeDistPipeline.X1v/Root/Payload/O2Oapp.app/O2Oapp
2019-10-16 03:33:29 +0000      Command exited with pid 17611 exit 0:
    /Applications/Xcode.app/Contents/Developer/Toolchains/XcodeDefault.xctoolchain/usr/bin/lipo -info /var/folders/vq/gbjt8cld2pd8xkqv2vq8x2f80000gn/T/XcodeDistPipeline.X1v/Root/Payload/O2Oapp.app/O2Oapp
    Stdout:
        Non-fat file: /var/folders/vq/gbjt8cld2pd8xkqv2vq8x2f80000gn/T/XcodeDistPipeline.X1v/Root/Payload/O2Oapp.app/O2Oapp is architecture: arm64
    
    Stderr:
    
2019-10-16 03:33:29 +0000  /Applications/Xcode.app/Contents/Developer/Toolchains/XcodeDefault.xctoolchain/usr/bin/otool -h -v -m -arch all /var/folders/vq/gbjt8cld2pd8xkqv2vq8x2f80000gn/T/XcodeDistPipeline.X1v/Root/Payload/O2Oapp.app/O2Oapp
2019-10-16 03:33:29 +0000      Command exited with pid 17612 exit 0:
    /Applications/Xcode.app/Contents/Developer/Toolchains/XcodeDefault.xctoolchain/usr/bin/otool -h -v -m -arch all /var/folders/vq/gbjt8cld2pd8xkqv2vq8x2f80000gn/T/XcodeDistPipeline.X1v/Root/Payload/O2Oapp.app/O2Oapp
    Stdout:
        Mach header
              magic cputype cpusubtype  caps    filetype ncmds sizeofcmds      flags
        MH_MAGIC_64   ARM64        ALL  0x00     EXECUTE    23       3048   NOUNDEFS DYLDLINK TWOLEVEL PIE
    
    Stderr:
    
2019-10-16 03:33:29 +0000  /Applications/Xcode.app/Contents/Developer/Toolchains/XcodeDefault.xctoolchain/usr/bin/otool -l -v -m -arch arm64 /var/folders/vq/gbjt8cld2pd8xkqv2vq8x2f80000gn/T/XcodeDistPipeline.X1v/Root/Payload/O2Oapp.app/O2Oapp
2019-10-16 03:33:29 +0000      Command exited with pid 17614 exit 0:
    /Applications/Xcode.app/Contents/Developer/Toolchains/XcodeDefault.xctoolchain/usr/bin/otool -l -v -m -arch arm64 /var/folders/vq/gbjt8cld2pd8xkqv2vq8x2f80000gn/T/XcodeDistPipeline.X1v/Root/Payload/O2Oapp.app/O2Oapp
    Stdout:
        /var/folders/vq/gbjt8cld2pd8xkqv2vq8x2f80000gn/T/XcodeDistPipeline.X1v/Root/Payload/O2Oapp.app/O2Oapp:
        Mach header
              magic cputype cpusubtype  caps    filetype ncmds sizeofcmds      flags
        MH_MAGIC_64   ARM64        ALL  0x00     EXECUTE    23       3048   NOUNDEFS DYLDLINK TWOLEVEL PIE
        Load command 0
              cmd LC_SEGMENT_64
          cmdsize 72
          segname __PAGEZERO
           vmaddr 0x0000000000000000
           vmsize 0x0000000100000000
          fileoff 0
         filesize 0
          maxprot ---
         initprot ---
           nsects 0
            flags (none)
        Load command 1
              cmd LC_SEGMENT_64
          cmdsize 872
          segname __TEXT
           vmaddr 0x0000000100000000
           vmsize 0x0000000000008000
          fileoff 0
         filesize 32768
          maxprot r-x
         initprot r-x
           nsects 10
            flags (none)
        Section
          sectname __text
           segname __TEXT
              addr 0x00000001000068d8
              size 0x00000000000001f8
            offset 26840
             align 2^2 (4)
            reloff 0
            nreloc 0
              type S_REGULAR
        attributes PURE_INSTRUCTIONS SOME_INSTRUCTIONS
         reserved1 0
         reserved2 0
        Section
          sectname __stubs
           segname __TEXT
              addr 0x0000000100006ad0
              size 0x000000000000006c
            offset 27344
             align 2^2 (4)
            reloff 0
            nreloc 0
              type S_SYMBOL_STUBS
        attributes PURE_INSTRUCTIONS SOME_INSTRUCTIONS
         reserved1 0 (index into indirect symbol table)
         reserved2 12 (size of stubs)
        Section
          sectname __stub_helper
           segname __TEXT
              addr 0x0000000100006b3c
              size 0x0000000000000084
            offset 27452
             align 2^2 (4)
            reloff 0
            nreloc 0
              type S_REGULAR
        attributes PURE_INSTRUCTIONS SOME_INSTRUCTIONS
         reserved1 0
         reserved2 0
        Section
          sectname __const
           segname __TEXT
              addr 0x0000000100006bc0
              size 0x0000000000000008
            offset 27584
             align 2^3 (8)
            reloff 0
            nreloc 0
              type S_REGULAR
        attributes (none)
         reserved1 0
         reserved2 0
        Section
          sectname __objc_methname
           segname __TEXT
              addr 0x0000000100006bc8
              size 0x0000000000000a81
            offset 27592
             align 2^0 (1)
            reloff 0
            nreloc 0
              type S_CSTRING_LITERALS
        attributes (none)
         reserved1 0
         reserved2 0
        Section
          sectname __ustring
           segname __TEXT
              addr 0x000000010000764a
              size 0x000000000000003e
            offset 30282
             align 2^1 (2)
            reloff 0
            nreloc 0
              type S_REGULAR
        attributes (none)
         reserved1 0
         reserved2 0
        Section
          sectname __objc_classname
           segname __TEXT
              addr 0x0000000100007688
              size 0x000000000000003c
            offset 30344
             align 2^0 (1)
            reloff 0
            nreloc 0
              type S_CSTRING_LITERALS
        attributes (none)
         reserved1 0
         reserved2 0
        Section
          sectname __objc_methtype
           segname __TEXT
              addr 0x00000001000076c4
              size 0x000000000000086d
            offset 30404
             align 2^0 (1)
            reloff 0
            nreloc 0
              type S_CSTRING_LITERALS
        attributes (none)
         reserved1 0
         re
2019-10-16 03:33:29 +0000  served2 0
        Section
          sectname __cstring
           segname __TEXT
              addr 0x0000000100007f31
              size 0x000000000000007a
            offset 32561
             align 2^0 (1)
            reloff 0
            nreloc 0
              type S_CSTRING_LITERALS
        attributes (none)
         reserved1 0
         reserved2 0
        Section
          sectname __unwind_info
           segname __TEXT
              addr 0x0000000100007fac
              size 0x0000000000000050
            offset 32684
             align 2^2 (4)
            reloff 0
            nreloc 0
              type S_REGULAR
        attributes (none)
         reserved1 0
         reserved2 0
        Load command 2
              cmd LC_SEGMENT_64
          cmdsize 1112
          segname __DATA
           vmaddr 0x0000000100008000
           vmsize 0x0000000000004000
          fileoff 32768
         filesize 16384
          maxprot rw-
         initprot rw-
           nsects 13
            flags (none)
        Section
          sectname __got
           segname __DATA
              addr 0x0000000100008000
              size 0x0000000000000010
            offset 32768
             align 2^3 (8)
            reloff 0
            nreloc 0
              type S_NON_LAZY_SYMBOL_POINTERS
        attributes (none)
         reserved1 9 (index into indirect symbol table)
         reserved2 0
        Section
          sectname __la_symbol_ptr
           segname __DATA
              addr 0x0000000100008010
              size 0x0000000000000048
            offset 32784
             align 2^3 (8)
            reloff 0
            nreloc 0
              type S_LAZY_SYMBOL_POINTERS
        attributes (none)
         reserved1 11 (index into indirect symbol table)
         reserved2 0
        Section
          sectname __cfstring
           segname __DATA
              addr 0x0000000100008058
              size 0x0000000000000020
            offset 32856
             align 2^3 (8)
            reloff 0
            nreloc 0
              type S_REGULAR
        attributes (none)
         reserved1 0
         reserved2 0
        Section
          sectname __objc_classlist
           segname __DATA
              addr 0x0000000100008078
              size 0x0000000000000010
            offset 32888
             align 2^3 (8)
            reloff 0
            nreloc 0
              type S_REGULAR
        attributes NO_DEAD_STRIP
         reserved1 0
         reserved2 0
        Section
          sectname __objc_protolist
           segname __DATA
              addr 0x0000000100008088
              size 0x0000000000000010
            offset 32904
             align 2^3 (8)
            reloff 0
            nreloc 0
              type S_REGULAR
        attributes (none)
         reserved1 0
         reserved2 0
        Section
          sectname __objc_imageinfo
           segname __DATA
              addr 0x0000000100008098
              size 0x0000000000000008
            offset 32920
             align 2^2 (4)
            reloff 0
            nreloc 0
              type S_REGULAR
        attributes (none)
         reserved1 0
         reserved2 0
        Section
          sectname __objc_const
           segname __DATA
              addr 0x00000001000080a0
              size 0x0000000000000be8
            offset 32928
             align 2^3 (8)
            reloff 0
            nreloc 0
              type S_REGULAR
        attributes (none)
         reserved1 0
         reserved2 0
        Section
          sectname __objc_selrefs
           segname __DATA
              addr 0x0000000100008c88
              size 0x0000000000000050
            offset 35976
             align 2^3 (8)
            reloff 0
            nreloc 0
              type S_LITERAL_POINTERS
        attributes NO_DEAD_STRIP
         reserved1 0
         reserved2 0
        Section
          sectname __objc_classrefs
           segname __DATA
              addr 0x0000000100008cd8
              size 0x0000000000000018
            offset 36056
             align 2^3 (8)
            relo
2019-10-16 03:33:29 +0000  ff 0
            nreloc 0
              type S_REGULAR
        attributes NO_DEAD_STRIP
         reserved1 0
         reserved2 0
        Section
          sectname __objc_superrefs
           segname __DATA
              addr 0x0000000100008cf0
              size 0x0000000000000008
            offset 36080
             align 2^3 (8)
            reloff 0
            nreloc 0
              type S_REGULAR
        attributes NO_DEAD_STRIP
         reserved1 0
         reserved2 0
        Section
          sectname __objc_ivar
           segname __DATA
              addr 0x0000000100008cf8
              size 0x0000000000000004
            offset 36088
             align 2^2 (4)
            reloff 0
            nreloc 0
              type S_REGULAR
        attributes (none)
         reserved1 0
         reserved2 0
        Section
          sectname __objc_data
           segname __DATA
              addr 0x0000000100008d00
              size 0x00000000000000a0
            offset 36096
             align 2^3 (8)
            reloff 0
            nreloc 0
              type S_REGULAR
        attributes (none)
         reserved1 0
         reserved2 0
        Section
          sectname __data
           segname __DATA
              addr 0x0000000100008da0
              size 0x00000000000000c0
            offset 36256
             align 2^3 (8)
            reloff 0
            nreloc 0
              type S_REGULAR
        attributes (none)
         reserved1 0
         reserved2 0
        Load command 3
              cmd LC_SEGMENT_64
          cmdsize 152
          segname __LLVM
           vmaddr 0x000000010000c000
           vmsize 0x0000000000010000
          fileoff 49152
         filesize 65536
          maxprot rw-
         initprot rw-
           nsects 1
            flags NORELOC
        Section
          sectname __bundle
           segname __LLVM
              addr 0x000000010000c000
              size 0x000000000000d3d5
            offset 49152
             align 2^0 (1)
            reloff 0
            nreloc 0
              type S_REGULAR
        attributes (none)
         reserved1 0
         reserved2 0
        Load command 4
              cmd LC_SEGMENT_64
          cmdsize 72
          segname __LINKEDIT
           vmaddr 0x000000010001c000
           vmsize 0x0000000000008000
          fileoff 114688
         filesize 21728
          maxprot r--
         initprot r--
           nsects 0
            flags (none)
        Load command 5
                    cmd LC_DYLD_INFO_ONLY
                cmdsize 48
             rebase_off 114688
            rebase_size 200
               bind_off 114888
              bind_size 360
          weak_bind_off 0
         weak_bind_size 0
          lazy_bind_off 115248
         lazy_bind_size 248
             export_off 115496
            export_size 32
        Load command 6
             cmd LC_SYMTAB
         cmdsize 24
          symoff 115544
           nsyms 21
          stroff 115960
         strsize 496
        Load command 7
                    cmd LC_DYSYMTAB
                cmdsize 80
              ilocalsym 0
              nlocalsym 1
             iextdefsym 1
             nextdefsym 1
              iundefsym 2
              nundefsym 19
                 tocoff 0
                   ntoc 0
              modtaboff 0
                nmodtab 0
           extrefsymoff 0
            nextrefsyms 0
         indirectsymoff 115880
          nindirectsyms 20
              extreloff 0
                nextrel 0
              locreloff 0
                nlocrel 0
        Load command 8
                  cmd LC_LOAD_DYLINKER
              cmdsize 32
                 name /usr/lib/dyld (offset 12)
        Load command 9
             cmd LC_UUID
         cmdsize 24
            uuid CBB7F67B-DC54-30B3-AD94-BE5A582221B0
        Load command 10
               cmd LC_BUILD_VERSION
           cmdsize 32
          platform ios
               sdk 12.1
             minos 12.1
            ntools 1
              tool ld
           version 409.12
        Load command 11
              cmd LC_SOURCE_V
2019-10-16 03:33:29 +0000  ERSION
          cmdsize 16
          version 0.0
        Load command 12
               cmd LC_MAIN
           cmdsize 24
          entryoff 27132
         stacksize 0
        Load command 13
                  cmd LC_ENCRYPTION_INFO_64
              cmdsize 24
             cryptoff 16384
            cryptsize 16384
              cryptid 0
                  pad 0
        Load command 14
                  cmd LC_LOAD_DYLIB
              cmdsize 88
                 name /System/Library/Frameworks/Foundation.framework/Foundation (offset 24)
           time stamp 2 Thu Jan  1 08:00:02 1970
              current version 1560.10.0
        compatibility version 300.0.0
        Load command 15
                  cmd LC_LOAD_DYLIB
              cmdsize 56
                 name /usr/lib/libobjc.A.dylib (offset 24)
           time stamp 2 Thu Jan  1 08:00:02 1970
              current version 228.0.0
        compatibility version 1.0.0
        Load command 16
                  cmd LC_LOAD_DYLIB
              cmdsize 56
                 name /usr/lib/libSystem.B.dylib (offset 24)
           time stamp 2 Thu Jan  1 08:00:02 1970
              current version 1252.200.5
        compatibility version 1.0.0
        Load command 17
                  cmd LC_LOAD_DYLIB
              cmdsize 96
                 name /System/Library/Frameworks/CoreFoundation.framework/CoreFoundation (offset 24)
           time stamp 2 Thu Jan  1 08:00:02 1970
              current version 1560.10.0
        compatibility version 150.0.0
        Load command 18
                  cmd LC_LOAD_DYLIB
              cmdsize 80
                 name /System/Library/Frameworks/UIKit.framework/UIKit (offset 24)
           time stamp 2 Thu Jan  1 08:00:02 1970
              current version 61000.0.0
        compatibility version 1.0.0
        Load command 19
                  cmd LC_RPATH
              cmdsize 40
                 path @executable_path/Frameworks (offset 12)
        Load command 20
              cmd LC_FUNCTION_STARTS
          cmdsize 16
          dataoff 115528
         datasize 16
        Load command 21
              cmd LC_DATA_IN_CODE
          cmdsize 16
          dataoff 115544
         datasize 0
        Load command 22
              cmd LC_CODE_SIGNATURE
          cmdsize 16
          dataoff 116464
         datasize 19952
    
    Stderr:
    
2019-10-16 03:33:29 +0000  /usr/bin/file -b -- /var/folders/vq/gbjt8cld2pd8xkqv2vq8x2f80000gn/T/XcodeDistPipeline.X1v/Root/Payload/O2Oapp.app/PkgInfo
2019-10-16 03:33:29 +0000      Command exited with pid 17616 exit 0:
    /usr/bin/file -b -- /var/folders/vq/gbjt8cld2pd8xkqv2vq8x2f80000gn/T/XcodeDistPipeline.X1v/Root/Payload/O2Oapp.app/PkgInfo
    Stdout:
        ASCII text, with no line terminators
    
    Stderr:
    
2019-10-16 03:33:29 +0000  /usr/bin/file -b -- /var/folders/vq/gbjt8cld2pd8xkqv2vq8x2f80000gn/T/XcodeDistPipeline.X1v/Root/Payload/O2Oapp.app/_CodeSignature/CodeResources
2019-10-16 03:33:29 +0000      Command exited with pid 17617 exit 0:
    /usr/bin/file -b -- /var/folders/vq/gbjt8cld2pd8xkqv2vq8x2f80000gn/T/XcodeDistPipeline.X1v/Root/Payload/O2Oapp.app/_CodeSignature/CodeResources
    Stdout:
        XML 1.0 document text, ASCII text
    
    Stderr:
    
2019-10-16 03:33:29 +0000  /usr/bin/file -b -- /var/folders/vq/gbjt8cld2pd8xkqv2vq8x2f80000gn/T/XcodeDistPipeline.X1v/Root/Payload/O2Oapp.app/embedded.mobileprovision
2019-10-16 03:33:29 +0000      Command exited with pid 17618 exit 0:
    /usr/bin/file -b -- /var/folders/vq/gbjt8cld2pd8xkqv2vq8x2f80000gn/T/XcodeDistPipeline.X1v/Root/Payload/O2Oapp.app/embedded.mobileprovision
    Stdout:
        data
    
    Stderr:
    
2019-10-16 03:33:29 +0000  Complete LinkageGraph:
    O2Oapp.app/O2Oapp arm64 ->
2019-10-16 03:33:29 +0000  Validating IPA structure...
2019-10-16 03:33:29 +0000  /Applications/Xcode.app/Contents/Developer/usr/bin/bitcode-build-tool -v -t /Applications/Xcode.app/Contents/Developer/Toolchains/XcodeDefault.xctoolchain/usr/bin --sdk /Applications/Xcode.app/Contents/Developer/Platforms/iPhoneOS.platform/Developer/SDKs/iPhoneOS12.1.sdk -o /var/folders/vq/gbjt8cld2pd8xkqv2vq8x2f80000gn/T/ipatool20191016-17589-tau944/thinned-out/arm64/Payload/O2Oapp.app/O2Oapp --generate-dsym /var/folders/vq/gbjt8cld2pd8xkqv2vq8x2f80000gn/T/ipatool20191016-17589-tau944/thinned-out/arm64/Payload/O2Oapp.app/O2Oapp.dSYM --strip-swift-symbols /var/folders/vq/gbjt8cld2pd8xkqv2vq8x2f80000gn/T/ipatool20191016-17589-tau944/thinned-in/arm64/Payload/O2Oapp.app/O2Oapp
2019-10-16 03:33:29 +0000  Compiling bitcode...
  Compiling bitcode for arm64...
    Compiling arm64 bitcode in 'O2Oapp'
2019-10-16 03:33:30 +0000      Command exited with pid 17631 exit 0:
    /Applications/Xcode.app/Contents/Developer/usr/bin/bitcode-build-tool -v -t /Applications/Xcode.app/Contents/Developer/Toolchains/XcodeDefault.xctoolchain/usr/bin --sdk /Applications/Xcode.app/Contents/Developer/Platforms/iPhoneOS.platform/Developer/SDKs/iPhoneOS12.1.sdk -o /var/folders/vq/gbjt8cld2pd8xkqv2vq8x2f80000gn/T/ipatool20191016-17589-tau944/thinned-out/arm64/Payload/O2Oapp.app/O2Oapp --generate-dsym /var/folders/vq/gbjt8cld2pd8xkqv2vq8x2f80000gn/T/ipatool20191016-17589-tau944/thinned-out/arm64/Payload/O2Oapp.app/O2Oapp.dSYM --strip-swift-symbols /var/folders/vq/gbjt8cld2pd8xkqv2vq8x2f80000gn/T/ipatool20191016-17589-tau944/thinned-in/arm64/Payload/O2Oapp.app/O2Oapp
    Stdout:
        Debug: SDK path: /Applications/Xcode.app/Contents/Developer/Platforms/iPhoneOS.platform/Developer/SDKs/iPhoneOS12.1.sdk
        Debug: PATH: ['/Applications/Xcode.app/Contents/Developer/Toolchains/XcodeDefault.xctoolchain/usr/bin', '/Applications/Xcode.app/Contents/Developer/usr/bin']
        Debug: Using: /Applications/Xcode.app/Contents/Developer/Toolchains/XcodeDefault.xctoolchain/usr/bin/lipo
        MachoInfo: cd /
        "/Applications/Xcode.app/Contents/Developer/Toolchains/XcodeDefault.xctoolchain/usr/bin/lipo" "-info" "/var/folders/vq/gbjt8cld2pd8xkqv2vq8x2f80000gn/T/ipatool20191016-17589-tau944/thinned-in/arm64/Payload/O2Oapp.app/O2Oapp"
        -= Output =-
        Non-fat file: /var/folders/vq/gbjt8cld2pd8xkqv2vq8x2f80000gn/T/ipatool20191016-17589-tau944/thinned-in/arm64/Payload/O2Oapp.app/O2Oapp is architecture: arm64
        Exited with 0
        
        Debug: Command took 0 seconds
        Debug: Using: /Applications/Xcode.app/Contents/Developer/Toolchains/XcodeDefault.xctoolchain/usr/bin/dwarfdump
        GetUUID: cd /
        "/Applications/Xcode.app/Contents/Developer/Toolchains/XcodeDefault.xctoolchain/usr/bin/dwarfdump" "-u" "/var/folders/vq/gbjt8cld2pd8xkqv2vq8x2f80000gn/T/ipatool20191016-17589-tau944/thinned-in/arm64/Payload/O2Oapp.app/O2Oapp"
        -= Output =-
        UUID: CBB7F67B-DC54-30B3-AD94-BE5A582221B0 (arm64) /var/folders/vq/gbjt8cld2pd8xkqv2vq8x2f80000gn/T/ipatool20191016-17589-tau944/thinned-in/arm64/Payload/O2Oapp.app/O2Oapp
        Exited with 0
        
        Debug: Command took 0 seconds
        Debug: Using: /Applications/Xcode.app/Contents/Developer/Toolchains/XcodeDefault.xctoolchain/usr/bin/segedit
        ExtractXAR: cd /
        "/Applications/Xcode.app/Contents/Developer/Toolchains/XcodeDefault.xctoolchain/usr/bin/segedit" "/var/folders/vq/gbjt8cld2pd8xkqv2vq8x2f80000gn/T/ipatool20191016-17589-tau944/thinned-in/arm64/Payload/O2Oapp.app/O2Oapp" "-extract" "__LLVM" "__bundle" "/var/folders/vq/gbjt8cld2pd8xkqv2vq8x2f80000gn/T/O2Oappz60S94/O2Oapp.arm64.xar"
        -= Output =-
        Exited with 0
        
        Debug: Command took 0 seconds
        Debug: Bitcode bundle version: 1.0
        Debug: Setting platform to: iOS
        Debug: Using: /Applications/Xcode.app/Contents/Developer/Toolchains/XcodeDefault.xctoolchain/usr/bin/ld
        Debug: Using: /Applications/Xcode.app/Contents/Developer/Toolchains/XcodeDefault.xctoolchain/usr/bin/clang
        Clang: cd /var/folders/vq/gbjt8cld2pd8xkqv2vq8x2f80000gn/T/tempGQv_VC
        "/Applications/Xcode.app/Contents/Developer/Toolchains/XcodeDefault.xctoolchain/usr/bin/clang" "-cc1" "-triple" "arm64-apple-ios12.1.0" "-emit-obj" "-disable-llvm-passes" "-target-abi" "darwinpcs" "-Os" "-x" "ir" "1" "-o" "1.o"
        -= Output =-
        Exited with 0
        
        Debug: Command took 0 seconds
        Clang: cd /var/folders/vq/gbjt8cld2pd8xkqv2vq8x2f80000gn/T/tempGQv_VC
        "/Applications/Xcode.app/Contents/Developer/Toolchains/XcodeDefault.xctoolchain/usr/bin/clang" "-cc1" "-triple" "arm64-apple-ios12.1.0" "-emit-obj" "-disable-llvm-passes" "-target-abi" "darwinpcs" "-Os" "-x" "ir" "2" "-o" "2.o"
        -= Output =-
        Exited with 0
        
        Debug: Command took 0 seconds
        Clang: cd /var/folders/vq/gbjt8cld2pd8xkqv2vq8x2f80000gn/T/tempGQv_VC
        "/Applicatio
2019-10-16 03:33:30 +0000  ns/Xcode.app/Contents/Developer/Toolchains/XcodeDefault.xctoolchain/usr/bin/clang" "-cc1" "-triple" "arm64-apple-ios12.1.0" "-emit-obj" "-disable-llvm-passes" "-target-abi" "darwinpcs" "-Os" "-x" "ir" "3" "-o" "3.o"
        -= Output =-
        Exited with 0
        
        Debug: Command took 0 seconds
        Debug: Found framework/dylib: /Applications/Xcode.app/Contents/Developer/Platforms/iPhoneOS.platform/Developer/SDKs/iPhoneOS12.1.sdk/System/Library/Frameworks/Foundation.framework/Foundation.tbd
        Debug: Found framework/dylib: /Applications/Xcode.app/Contents/Developer/Platforms/iPhoneOS.platform/Developer/SDKs/iPhoneOS12.1.sdk/usr/lib/libobjc.A.tbd
        Debug: Found framework/dylib: /Applications/Xcode.app/Contents/Developer/Platforms/iPhoneOS.platform/Developer/SDKs/iPhoneOS12.1.sdk/usr/lib/libSystem.B.tbd
        Debug: Found framework/dylib: /Applications/Xcode.app/Contents/Developer/Platforms/iPhoneOS.platform/Developer/SDKs/iPhoneOS12.1.sdk/System/Library/Frameworks/CoreFoundation.framework/CoreFoundation.tbd
        Debug: Found framework/dylib: /Applications/Xcode.app/Contents/Developer/Platforms/iPhoneOS.platform/Developer/SDKs/iPhoneOS12.1.sdk/System/Library/Frameworks/UIKit.framework/UIKit.tbd
        Debug: Found framework/dylib: /Applications/Xcode.app/Contents/Developer/Platforms/iPhoneOS.platform/Developer/SDKs/iPhoneOS12.1.sdk/usr/lib/libobjc.A.tbd
        Ld: cd /var/folders/vq/gbjt8cld2pd8xkqv2vq8x2f80000gn/T/tempGQv_VC
        "/Applications/Xcode.app/Contents/Developer/Toolchains/XcodeDefault.xctoolchain/usr/bin/ld" "-arch" "arm64" "-execute" "-ios_version_min" "12.1.0" "-e" "_main" "-rpath" "@executable_path/Frameworks" "-executable_path" "/Users/liyuqing/Library/Developer/Xcode/DerivedData/O2Oapp-bcyzgzyfmsbwpkdxphexaeokofki/Build/Intermediates.noindex/ArchiveIntermediates/O2Oapp/InstallationBuildProductsLocation/Applications/O2Oapp.app/O2Oapp" "-dead_strip" "-syslibroot" "/Applications/Xcode.app/Contents/Developer/Platforms/iPhoneOS.platform/Developer/SDKs/iPhoneOS12.1.sdk" "-sdk_version" "12.1.0" "-filelist" "/private/var/folders/vq/gbjt8cld2pd8xkqv2vq8x2f80000gn/T/O2Oappz60S94/O2Oapp.arm64.out.LinkFileList" "-ignore_auto_link" "-allow_dead_duplicates" "/Applications/Xcode.app/Contents/Developer/Platforms/iPhoneOS.platform/Developer/SDKs/iPhoneOS12.1.sdk/System/Library/Frameworks/Foundation.framework/Foundation.tbd" "/Applications/Xcode.app/Contents/Developer/Platforms/iPhoneOS.platform/Developer/SDKs/iPhoneOS12.1.sdk/usr/lib/libobjc.A.tbd" "/Applications/Xcode.app/Contents/Developer/Platforms/iPhoneOS.platform/Developer/SDKs/iPhoneOS12.1.sdk/usr/lib/libSystem.B.tbd" "/Applications/Xcode.app/Contents/Developer/Platforms/iPhoneOS.platform/Developer/SDKs/iPhoneOS12.1.sdk/System/Library/Frameworks/CoreFoundation.framework/CoreFoundation.tbd" "/Applications/Xcode.app/Contents/Developer/Platforms/iPhoneOS.platform/Developer/SDKs/iPhoneOS12.1.sdk/System/Library/Frameworks/UIKit.framework/UIKit.tbd" "/Applications/Xcode.app/Contents/Developer/Platforms/iPhoneOS.platform/Developer/SDKs/iPhoneOS12.1.sdk/usr/lib/libobjc.A.tbd" "/Applications/Xcode.app/Contents/Developer/Toolchains/XcodeDefault.xctoolchain/usr/lib/clang/10.0.0/lib/darwin/libclang_rt.ios.a" "-o" "/private/var/folders/vq/gbjt8cld2pd8xkqv2vq8x2f80000gn/T/O2Oappz60S94/O2Oapp.arm64.out"
        -= Output =-
        Exited with 0
        
        Debug: Command took 0 seconds
        warning: Cannot genarte useful dsym from input macho file: /var/folders/vq/gbjt8cld2pd8xkqv2vq8x2f80000gn/T/ipatool20191016-17589-tau944/thinned-in/arm64/Payload/O2Oapp.app/O2Oapp
        
        GetUUID: cd /
        "/Applications/Xcode.app/Contents/Developer/Toolchains/XcodeDefault.xctoolchain/usr/bin/dwarfdump" "-u" "/var/folders/vq/gbjt8cld2pd8xkqv2vq8x2f80000gn/T/ipatool20191016-17589-tau944/thinned-out/arm64/Payload/O2Oapp.app/O2Oapp"
        -= Output =-
        UUID: 1F7ED64C-5AA9-3FB3-B224-99E2EB287A36 (arm64) /var/folders/vq/gbjt8cld2pd8xkqv2vq8x2f80000gn/T/ipatool20191016-17589-tau944/thinned-out/arm64/Payload/O2Oapp.app/O2Oapp
        Ex
2019-10-16 03:33:30 +0000  ited with 0
        
        Debug: Command took 0 seconds
        Debug: Using: /Applications/Xcode.app/Contents/Developer/Toolchains/XcodeDefault.xctoolchain/usr/bin/dsymutil
        Dsymutil: cd /
        "/Applications/Xcode.app/Contents/Developer/Toolchains/XcodeDefault.xctoolchain/usr/bin/dsymutil" "/var/folders/vq/gbjt8cld2pd8xkqv2vq8x2f80000gn/T/ipatool20191016-17589-tau944/thinned-out/arm64/Payload/O2Oapp.app/O2Oapp" "-o" "/var/folders/vq/gbjt8cld2pd8xkqv2vq8x2f80000gn/T/ipatool20191016-17589-tau944/thinned-out/arm64/Payload/O2Oapp.app/O2Oapp.dSYM"
        -= Output =-
        Exited with 0
        
        Debug: Command took 0 seconds
        Debug: Using: /Applications/Xcode.app/Contents/Developer/Toolchains/XcodeDefault.xctoolchain/usr/bin/strip
        StripSymbols: cd /
        "/Applications/Xcode.app/Contents/Developer/Toolchains/XcodeDefault.xctoolchain/usr/bin/strip" "/var/folders/vq/gbjt8cld2pd8xkqv2vq8x2f80000gn/T/ipatool20191016-17589-tau944/thinned-out/arm64/Payload/O2Oapp.app/O2Oapp"
        -= Output =-
        Exited with 0
        
        Debug: Command took 0 seconds
    
    Stderr:
    
/Applications/Xcode.app/Contents/Developer/usr/bin/symbols -failIfMissingDsym -symbolsPackageDir /var/folders/vq/gbjt8cld2pd8xkqv2vq8x2f80000gn/T/ipatool20191016-17589-tau944/thinned-out/arm64/Payload/O2Oapp.app /var/folders/vq/gbjt8cld2pd8xkqv2vq8x2f80000gn/T/ipatool20191016-17589-tau944/thinned-out/arm64/Payload/O2Oapp.app/O2Oapp
2019-10-16 03:33:30 +0000      Command exited with pid 17648 exit 0:
    /Applications/Xcode.app/Contents/Developer/usr/bin/symbols -failIfMissingDsym -symbolsPackageDir /var/folders/vq/gbjt8cld2pd8xkqv2vq8x2f80000gn/T/ipatool20191016-17589-tau944/thinned-out/arm64/Payload/O2Oapp.app /var/folders/vq/gbjt8cld2pd8xkqv2vq8x2f80000gn/T/ipatool20191016-17589-tau944/thinned-out/arm64/Payload/O2Oapp.app/O2Oapp
    Stdout:
        /var/folders/vq/gbjt8cld2pd8xkqv2vq8x2f80000gn/T/ipatool20191016-17589-tau944/thinned-out/arm64/Payload/O2Oapp.app/O2Oapp [arm64, 0.015203 seconds]:
    
    Stderr:
    
2019-10-16 03:33:30 +0000  /usr/bin/file -b -- /var/folders/vq/gbjt8cld2pd8xkqv2vq8x2f80000gn/T/ipatool20191016-17589-tau944/thinned-out/arm64/Payload/O2Oapp.app/O2Oapp.dSYM/Contents/Resources/DWARF/O2Oapp
2019-10-16 03:33:30 +0000      Command exited with pid 17649 exit 0:
    /usr/bin/file -b -- /var/folders/vq/gbjt8cld2pd8xkqv2vq8x2f80000gn/T/ipatool20191016-17589-tau944/thinned-out/arm64/Payload/O2Oapp.app/O2Oapp.dSYM/Contents/Resources/DWARF/O2Oapp
    Stdout:
        Mach-O 64-bit dSYM companion file arm64
    
    Stderr:
    
2019-10-16 03:33:30 +0000  /Applications/Xcode.app/Contents/Developer/Toolchains/XcodeDefault.xctoolchain/usr/bin/lipo -info /var/folders/vq/gbjt8cld2pd8xkqv2vq8x2f80000gn/T/ipatool20191016-17589-tau944/thinned-out/arm64/Payload/O2Oapp.app/O2Oapp.dSYM/Contents/Resources/DWARF/O2Oapp
2019-10-16 03:33:30 +0000      Command exited with pid 17650 exit 0:
    /Applications/Xcode.app/Contents/Developer/Toolchains/XcodeDefault.xctoolchain/usr/bin/lipo -info /var/folders/vq/gbjt8cld2pd8xkqv2vq8x2f80000gn/T/ipatool20191016-17589-tau944/thinned-out/arm64/Payload/O2Oapp.app/O2Oapp.dSYM/Contents/Resources/DWARF/O2Oapp
    Stdout:
        Non-fat file: /var/folders/vq/gbjt8cld2pd8xkqv2vq8x2f80000gn/T/ipatool20191016-17589-tau944/thinned-out/arm64/Payload/O2Oapp.app/O2Oapp.dSYM/Contents/Resources/DWARF/O2Oapp is architecture: arm64
    
    Stderr:
    
2019-10-16 03:33:30 +0000  /Applications/Xcode.app/Contents/Developer/Toolchains/XcodeDefault.xctoolchain/usr/bin/otool -h -v -m -arch all /var/folders/vq/gbjt8cld2pd8xkqv2vq8x2f80000gn/T/ipatool20191016-17589-tau944/thinned-out/arm64/Payload/O2Oapp.app/O2Oapp.dSYM/Contents/Resources/DWARF/O2Oapp
2019-10-16 03:33:30 +0000      Command exited with pid 17651 exit 0:
    /Applications/Xcode.app/Contents/Developer/Toolchains/XcodeDefault.xctoolchain/usr/bin/otool -h -v -m -arch all /var/folders/vq/gbjt8cld2pd8xkqv2vq8x2f80000gn/T/ipatool20191016-17589-tau944/thinned-out/arm64/Payload/O2Oapp.app/O2Oapp.dSYM/Contents/Resources/DWARF/O2Oapp
    Stdout:
        Mach header
              magic cputype cpusubtype  caps    filetype ncmds sizeofcmds      flags
        MH_MAGIC_64   ARM64        ALL  0x00        DSYM     7       3048 0x00000000
    
    Stderr:
    
2019-10-16 03:33:30 +0000  /Applications/Xcode.app/Contents/Developer/Toolchains/XcodeDefault.xctoolchain/usr/bin/otool -l -v -m -arch arm64 /var/folders/vq/gbjt8cld2pd8xkqv2vq8x2f80000gn/T/ipatool20191016-17589-tau944/thinned-out/arm64/Payload/O2Oapp.app/O2Oapp.dSYM/Contents/Resources/DWARF/O2Oapp
2019-10-16 03:33:30 +0000      Command exited with pid 17653 exit 0:
    /Applications/Xcode.app/Contents/Developer/Toolchains/XcodeDefault.xctoolchain/usr/bin/otool -l -v -m -arch arm64 /var/folders/vq/gbjt8cld2pd8xkqv2vq8x2f80000gn/T/ipatool20191016-17589-tau944/thinned-out/arm64/Payload/O2Oapp.app/O2Oapp.dSYM/Contents/Resources/DWARF/O2Oapp
    Stdout:
        /var/folders/vq/gbjt8cld2pd8xkqv2vq8x2f80000gn/T/ipatool20191016-17589-tau944/thinned-out/arm64/Payload/O2Oapp.app/O2Oapp.dSYM/Contents/Resources/DWARF/O2Oapp:
        Mach header
              magic cputype cpusubtype  caps    filetype ncmds sizeofcmds      flags
        MH_MAGIC_64   ARM64        ALL  0x00        DSYM     7       3048 0x00000000
        Load command 0
             cmd LC_UUID
         cmdsize 24
            uuid 1F7ED64C-5AA9-3FB3-B224-99E2EB287A36
        Load command 1
             cmd LC_SYMTAB
         cmdsize 24
          symoff 4096
           nsyms 17
          stroff 4368
         strsize 218
        Load command 2
              cmd LC_SEGMENT_64
          cmdsize 72
          segname __PAGEZERO
           vmaddr 0x0000000000000000
           vmsize 0x0000000100000000
          fileoff 0
         filesize 0
          maxprot ---
         initprot ---
           nsects 0
            flags (none)
        Load command 3
              cmd LC_SEGMENT_64
          cmdsize 872
          segname __TEXT
           vmaddr 0x0000000100000000
           vmsize 0x0000000000008000
          fileoff 0
         filesize 0
          maxprot r-x
         initprot r-x
           nsects 10
            flags (none)
        Section
          sectname __text
           segname __TEXT
              addr 0x00000001000068d8
              size 0x00000000000001f8
            offset 0
             align 2^2 (4)
            reloff 0
            nreloc 0
              type S_REGULAR
        attributes PURE_INSTRUCTIONS SOME_INSTRUCTIONS
         reserved1 0
         reserved2 0
        Section
          sectname __stubs
           segname __TEXT
              addr 0x0000000100006ad0
              size 0x000000000000006c
            offset 0
             align 2^2 (4)
            reloff 0
            nreloc 0
              type S_SYMBOL_STUBS
        attributes PURE_INSTRUCTIONS SOME_INSTRUCTIONS
         reserved1 0 (index into indirect symbol table)
         reserved2 12 (size of stubs)
        Section
          sectname __stub_helper
           segname __TEXT
              addr 0x0000000100006b3c
              size 0x0000000000000084
            offset 0
             align 2^2 (4)
            reloff 0
            nreloc 0
              type S_REGULAR
        attributes PURE_INSTRUCTIONS SOME_INSTRUCTIONS
         reserved1 0
         reserved2 0
        Section
          sectname __const
           segname __TEXT
              addr 0x0000000100006bc0
              size 0x0000000000000008
            offset 0
             align 2^3 (8)
            reloff 0
            nreloc 0
              type S_REGULAR
        attributes (none)
         reserved1 0
         reserved2 0
        Section
          sectname __objc_methname
           segname __TEXT
              addr 0x0000000100006bc8
              size 0x0000000000000a81
            offset 0
             align 2^0 (1)
            reloff 0
            nreloc 0
              type S_CSTRING_LITERALS
        attributes (none)
         reserved1 0
         reserved2 0
        Section
          sectname __ustring
           segname __TEXT
              addr 0x000000010000764a
              size 0x000000000000003e
            offset 0
             align 2^1 (2)
            reloff 0
            nreloc 0
              type S_REGULAR
        attributes (none)
         reserved1 0
         reserved2 0
        Section
          sectname __objc_classname
           segname __TEXT
              addr 0x0000000100007688
              size 0x000000000000003c
            offset 0
             align 2^0 (1)
            reloff 0
            nreloc 0
              type S_CSTRING_LITERALS
        attributes (none)
         reserved1 0
         reserved2 0
      
2019-10-16 03:33:30 +0000    Section
          sectname __objc_methtype
           segname __TEXT
              addr 0x00000001000076c4
              size 0x000000000000086d
            offset 0
             align 2^0 (1)
            reloff 0
            nreloc 0
              type S_CSTRING_LITERALS
        attributes (none)
         reserved1 0
         reserved2 0
        Section
          sectname __cstring
           segname __TEXT
              addr 0x0000000100007f31
              size 0x000000000000007a
            offset 0
             align 2^0 (1)
            reloff 0
            nreloc 0
              type S_CSTRING_LITERALS
        attributes (none)
         reserved1 0
         reserved2 0
        Section
          sectname __unwind_info
           segname __TEXT
              addr 0x0000000100007fac
              size 0x0000000000000050
            offset 0
             align 2^2 (4)
            reloff 0
            nreloc 0
              type S_REGULAR
        attributes (none)
         reserved1 0
         reserved2 0
        Load command 4
              cmd LC_SEGMENT_64
          cmdsize 1112
          segname __DATA
           vmaddr 0x0000000100008000
           vmsize 0x0000000000004000
          fileoff 0
         filesize 0
          maxprot rw-
         initprot rw-
           nsects 13
            flags (none)
        Section
          sectname __got
           segname __DATA
              addr 0x0000000100008000
              size 0x0000000000000010
            offset 0
             align 2^3 (8)
            reloff 0
            nreloc 0
              type S_NON_LAZY_SYMBOL_POINTERS
        attributes (none)
         reserved1 9 (index into indirect symbol table)
         reserved2 0
        Section
          sectname __la_symbol_ptr
           segname __DATA
              addr 0x0000000100008010
              size 0x0000000000000048
            offset 0
             align 2^3 (8)
            reloff 0
            nreloc 0
              type S_LAZY_SYMBOL_POINTERS
        attributes (none)
         reserved1 11 (index into indirect symbol table)
         reserved2 0
        Section
          sectname __cfstring
           segname __DATA
              addr 0x0000000100008058
              size 0x0000000000000020
            offset 0
             align 2^3 (8)
            reloff 0
            nreloc 0
              type S_REGULAR
        attributes (none)
         reserved1 0
         reserved2 0
        Section
          sectname __objc_classlist
           segname __DATA
              addr 0x0000000100008078
              size 0x0000000000000010
            offset 0
             align 2^3 (8)
            reloff 0
            nreloc 0
              type S_REGULAR
        attributes NO_DEAD_STRIP
         reserved1 0
         reserved2 0
        Section
          sectname __objc_protolist
           segname __DATA
              addr 0x0000000100008088
              size 0x0000000000000010
            offset 0
             align 2^3 (8)
            reloff 0
            nreloc 0
              type S_REGULAR
        attributes (none)
         reserved1 0
         reserved2 0
        Section
          sectname __objc_imageinfo
           segname __DATA
              addr 0x0000000100008098
              size 0x0000000000000008
            offset 0
             align 2^2 (4)
            reloff 0
            nreloc 0
              type S_REGULAR
        attributes (none)
         reserved1 0
         reserved2 0
        Section
          sectname __objc_const
           segname __DATA
              addr 0x00000001000080a0
              size 0x0000000000000be8
            offset 0
             align 2^3 (8)
            reloff 0
            nreloc 0
              type S_REGULAR
        attributes (none)
         reserved1 0
         reserved2 0
        Section
          sectname __objc_selrefs
           segname __DATA
              addr 0x0000000100008c88
              size 0x0000000000000050
            offset 0
             align 2^3 (8)
            reloff 0
            nreloc 0
              type S_LITERAL_POINTERS
        attr
2019-10-16 03:33:30 +0000  ibutes NO_DEAD_STRIP
         reserved1 0
         reserved2 0
        Section
          sectname __objc_classrefs
           segname __DATA
              addr 0x0000000100008cd8
              size 0x0000000000000018
            offset 0
             align 2^3 (8)
            reloff 0
            nreloc 0
              type S_REGULAR
        attributes NO_DEAD_STRIP
         reserved1 0
         reserved2 0
        Section
          sectname __objc_superrefs
           segname __DATA
              addr 0x0000000100008cf0
              size 0x0000000000000008
            offset 0
             align 2^3 (8)
            reloff 0
            nreloc 0
              type S_REGULAR
        attributes NO_DEAD_STRIP
         reserved1 0
         reserved2 0
        Section
          sectname __objc_ivar
           segname __DATA
              addr 0x0000000100008cf8
              size 0x0000000000000004
            offset 0
             align 2^2 (4)
            reloff 0
            nreloc 0
              type S_REGULAR
        attributes (none)
         reserved1 0
         reserved2 0
        Section
          sectname __objc_data
           segname __DATA
              addr 0x0000000100008d00
              size 0x00000000000000a0
            offset 0
             align 2^3 (8)
            reloff 0
            nreloc 0
              type S_REGULAR
        attributes (none)
         reserved1 0
         reserved2 0
        Section
          sectname __data
           segname __DATA
              addr 0x0000000100008da0
              size 0x00000000000000c0
            offset 0
             align 2^3 (8)
            reloff 0
            nreloc 0
              type S_REGULAR
        attributes (none)
         reserved1 0
         reserved2 0
        Load command 5
              cmd LC_SEGMENT_64
          cmdsize 72
          segname __LINKEDIT
           vmaddr 0x000000010000c000
           vmsize 0x0000000000001000
          fileoff 4096
         filesize 490
          maxprot r--
         initprot r--
           nsects 0
            flags (none)
        Load command 6
              cmd LC_SEGMENT_64
          cmdsize 872
          segname __DWARF
           vmaddr 0x000000010000d000
           vmsize 0x0000000000001000
          fileoff 8192
         filesize 1754
          maxprot rwx
         initprot rw-
           nsects 10
            flags (none)
        Section
          sectname __debug_line
           segname __DWARF
              addr 0x000000010000d000
              size 0x0000000000000162
            offset 8192
             align 2^0 (1)
            reloff 0
            nreloc 0
              type S_REGULAR
        attributes (none)
         reserved1 0
         reserved2 0
        Section
          sectname __debug_pubnames
           segname __DWARF
              addr 0x000000010000d162
              size 0x00000000000000ee
            offset 8546
             align 2^0 (1)
            reloff 0
            nreloc 0
              type S_REGULAR
        attributes (none)
         reserved1 0
         reserved2 0
        Section
          sectname __debug_aranges
           segname __DWARF
              addr 0x000000010000d250
              size 0x0000000000000090
            offset 8784
             align 2^0 (1)
            reloff 0
            nreloc 0
              type S_REGULAR
        attributes (none)
         reserved1 0
         reserved2 0
        Section
          sectname __debug_info
           segname __DWARF
              addr 0x000000010000d2e0
              size 0x000000000000013f
            offset 8928
             align 2^0 (1)
            reloff 0
            nreloc 0
              type S_REGULAR
        attributes (none)
         reserved1 0
         reserved2 0
        Section
          sectname __debug_abbrev
           segname __DWARF
              addr 0x000000010000d41f
              size 0x0000000000000025
            offset 9247
             align 2^0 (1)
            reloff 0
            nreloc 0
              type S_REGULAR
        attributes (none)
         reserved1 0
         reserv
2019-10-16 03:33:30 +0000  ed2 0
        Section
          sectname __debug_str
           segname __DWARF
              addr 0x000000010000d444
              size 0x00000000000000ca
            offset 9284
             align 2^0 (1)
            reloff 0
            nreloc 0
              type S_REGULAR
        attributes (none)
         reserved1 0
         reserved2 0
        Section
          sectname __apple_names
           segname __DWARF
              addr 0x000000010000d50e
              size 0x0000000000000154
            offset 9486
             align 2^0 (1)
            reloff 0
            nreloc 0
              type S_REGULAR
        attributes (none)
         reserved1 0
         reserved2 0
        Section
          sectname __apple_namespac
           segname __DWARF
              addr 0x000000010000d662
              size 0x0000000000000024
            offset 9826
             align 2^0 (1)
            reloff 0
            nreloc 0
              type S_REGULAR
        attributes (none)
         reserved1 0
         reserved2 0
        Section
          sectname __apple_types
           segname __DWARF
              addr 0x000000010000d686
              size 0x0000000000000030
            offset 9862
             align 2^0 (1)
            reloff 0
            nreloc 0
              type S_REGULAR
        attributes (none)
         reserved1 0
         reserved2 0
        Section
          sectname __apple_objc
           segname __DWARF
              addr 0x000000010000d6b6
              size 0x0000000000000024
            offset 9910
             align 2^0 (1)
            reloff 0
            nreloc 0
              type S_REGULAR
        attributes (none)
         reserved1 0
         reserved2 0
    
    Stderr:
    
2019-10-16 03:33:30 +0000  warning: Could not determine platform for arm64 in /var/folders/vq/gbjt8cld2pd8xkqv2vq8x2f80000gn/T/ipatool20191016-17589-tau944/thinned-out/arm64/Payload/O2Oapp.app/O2Oapp.dSYM/Contents/Resources/DWARF/O2Oapp
2019-10-16 03:33:30 +0000  Creating universal IPA contents for all variants
  Creating directory /var/folders/vq/gbjt8cld2pd8xkqv2vq8x2f80000gn/T/IDEIPAProcessor.AppThinning.vW9/universal
  Copying O2Oapp.app output payload directory
2019-10-16 03:33:30 +0000  /Library/Ruby/Gems/2.3.0/gems/CFPropertyList-3.0.0/lib/cfpropertylist/rbCFPropertyList.rb:378: warning: File.exists? is a deprecated name, use File.exist? instead
2019-10-16 03:33:30 +0000    Copying .dSYM files to /var/folders/vq/gbjt8cld2pd8xkqv2vq8x2f80000gn/T/IDEIPAProcessor.AppThinning.vW9/universal/dSYMs
  Copying .symbols files to /var/folders/vq/gbjt8cld2pd8xkqv2vq8x2f80000gn/T/IDEIPAProcessor.AppThinning.vW9/universal/Symbols
2019-10-16 03:33:30 +0000  /Applications/Xcode.app/Contents/Developer/usr/bin/ipatool exited with 0
2019-10-16 03:33:30 +0000  ipatool JSON: {
    alerts =     (
                {
            code = 3299;
            description = "Configuration issue: platform AppleTVSimulator.platform doesn't have any non-simulator SDKs; ignoring it";
            info =             {
            };
            level = WARN;
        },
                {
            code = 3299;
            description = "Configuration issue: platform WatchSimulator.platform doesn't have any non-simulator SDKs; ignoring it";
            info =             {
            };
            level = WARN;
        },
                {
            code = 3299;
            description = "Configuration issue: platform iPhoneSimulator.platform doesn't have any non-simulator SDKs; ignoring it";
            info =             {
            };
            level = WARN;
        },
                {
            code = 1782;
            description = "Could not determine platform for arm64 in /var/folders/vq/gbjt8cld2pd8xkqv2vq8x2f80000gn/T/ipatool20191016-17589-tau944/thinned-out/arm64/Payload/O2Oapp.app/O2Oapp.dSYM/Contents/Resources/DWARF/O2Oapp";
            info =             {
            };
            level = WARN;
        }
    );
    thinnableAssetCatalogs =     (
    );
    universalIPA =     {
        path = "/var/folders/vq/gbjt8cld2pd8xkqv2vq8x2f80000gn/T/IDEIPAProcessor.AppThinning.vW9/universal";
    };
}
2019-10-16 03:33:30 +0000  Processing step: IDEDistributionCodeSlimmingStep
2019-10-16 03:33:30 +0000  Processing step: IDEDistributionCopyBCSymbolMapsStep
2019-10-16 03:33:30 +0000  Processing step: IDEDistributionSymbolsStep
2019-10-16 03:33:30 +0000  Skipping step: IDEDistributionSymbolsStep because it said so
2019-10-16 03:33:30 +0000  Processing step: IDEDistributionAppThinningStep
2019-10-16 03:33:30 +0000  Skipping step: IDEDistributionAppThinningStep because it said so
2019-10-16 03:33:30 +0000  Processing step: IDEDistributionArchThinningStep
2019-10-16 03:33:30 +0000  Running /Applications/Xcode.app/Contents/Developer/Toolchains/XcodeDefault.xctoolchain/usr/bin/lipo '/var/folders/vq/gbjt8cld2pd8xkqv2vq8x2f80000gn/T/XcodeDistPipeline.X1v/Root/Payload/O2Oapp.app/O2Oapp' '-verify_arch' 'arm64e'
2019-10-16 03:33:30 +0000  /Applications/Xcode.app/Contents/Developer/Toolchains/XcodeDefault.xctoolchain/usr/bin/lipo exited with 1
2019-10-16 03:33:30 +0000  Skipping architecture thinning for item "O2Oapp" because arch "arm64e" wasn't found
2019-10-16 03:33:30 +0000  Processing step: IDEDistributionODRStep
2019-10-16 03:33:30 +0000  Processing step: IDEDistributionStripXattrsStep
2019-10-16 03:33:30 +0000  Running /usr/bin/xattr '-crs' '/var/folders/vq/gbjt8cld2pd8xkqv2vq8x2f80000gn/T/XcodeDistPipeline.X1v/Root/Payload/O2Oapp.app'
2019-10-16 03:33:30 +0000  /usr/bin/xattr exited with 0
2019-10-16 03:33:30 +0000  Processing step: IDEDistributionCodesignStep
2019-10-16 03:33:30 +0000  Entitlements for <IDEDistributionItem: 0x7fb8debacc60 'DingXingScpApp.com' '<DVTFilePath:0x7fb8ddcc5630:'/Users/liyuqing/Library/Developer/Xcode/Archives/2019-10-16/O2Oapp 2019-10-16, 11.31 AM.xcarchive/Products/Applications/O2Oapp.app'>'>: {
    "application-identifier" = "GEUX5D8A35.DingXingScpApp.com";
    "com.apple.developer.team-identifier" = GEUX5D8A35;
    "get-task-allow" = 0;
    "keychain-access-groups" =     (
        "GEUX5D8A35.DingXingScpApp.com"
    );
}
2019-10-16 03:33:30 +0000  Writing entitlements for <IDEDistributionItem: 0x7fb8debacc60 'DingXingScpApp.com' '<DVTFilePath:0x7fb8ddcc5630:'/Users/liyuqing/Library/Developer/Xcode/Archives/2019-10-16/O2Oapp 2019-10-16, 11.31 AM.xcarchive/Products/Applications/O2Oapp.app'>'> to: /var/folders/vq/gbjt8cld2pd8xkqv2vq8x2f80000gn/T/XcodeDistPipeline.X1v/entitlementsyY7F8Q
2019-10-16 03:33:30 +0000  Running /usr/bin/codesign '-vvv' '--force' '--sign' 'A77952B943EE168A3F0A5F2D3C0F019F3E6C400C' '--entitlements' '/var/folders/vq/gbjt8cld2pd8xkqv2vq8x2f80000gn/T/XcodeDistPipeline.X1v/entitlementsyY7F8Q' '--preserve-metadata=identifier,flags,runtime' '/var/folders/vq/gbjt8cld2pd8xkqv2vq8x2f80000gn/T/XcodeDistPipeline.X1v/Root/Payload/O2Oapp.app'
2019-10-16 03:33:30 +0000  /var/folders/vq/gbjt8cld2pd8xkqv2vq8x2f80000gn/T/XcodeDistPipeline.X1v/Root/Payload/O2Oapp.app: signed app bundle with Mach-O thin (arm64) [DingXingScpApp.com]
2019-10-16 03:33:30 +0000  /usr/bin/codesign exited with 0
2019-10-16 03:33:30 +0000  Processing step: IDEDistributionZipODRItemStep
2019-10-16 03:33:30 +0000  Skipping step: IDEDistributionZipODRItemStep because it said so
2019-10-16 03:33:30 +0000  Processing step: IDEDistributionCreateIPAStep
2019-10-16 03:33:30 +0000  Running /usr/bin/ditto '-V' '-c' '-k' '--norsrc' '/var/folders/vq/gbjt8cld2pd8xkqv2vq8x2f80000gn/T/XcodeDistPipeline.X1v/Root' '/var/folders/vq/gbjt8cld2pd8xkqv2vq8x2f80000gn/T/XcodeDistPipeline.X1v/Packages/O2Oapp.ipa'
2019-10-16 03:33:30 +0000  >>> Copying /var/folders/vq/gbjt8cld2pd8xkqv2vq8x2f80000gn/T/XcodeDistPipeline.X1v/Root 
2019-10-16 03:33:30 +0000  copying file ./Payload/O2Oapp.app/_CodeSignature/CodeResources ... 
2019-10-16 03:33:30 +0000  3895 bytes for ./Payload/O2Oapp.app/_CodeSignature/CodeResources
2019-10-16 03:33:30 +0000  copying file ./Payload/O2Oapp.app/Base.lproj/Main.storyboardc/UIViewController-BYZ-38-t0r.nib ... 
2019-10-16 03:33:30 +0000  916 bytes for ./Payload/O2Oapp.app/Base.lproj/Main.storyboardc/UIViewController-BYZ-38-t0r.nib
2019-10-16 03:33:30 +0000  copying file ./Payload/O2Oapp.app/Base.lproj/Main.storyboardc/BYZ-38-t0r-view-8bC-Xf-vdC.nib ... 
1136 bytes for ./Payload/O2Oapp.app/Base.lproj/Main.storyboardc/BYZ-38-t0r-view-8bC-Xf-vdC.nib
2019-10-16 03:33:30 +0000  copying file ./Payload/O2Oapp.app/Base.lproj/Main.storyboardc/Info.plist ... 
258 bytes for ./Payload/O2Oapp.app/Base.lproj/Main.storyboardc/Info.plist
copying file ./Payload/O2Oapp.app/Base.lproj/LaunchScreen.storyboardc/01J-lp-oVM-view-Ze5-6b-2t3.nib ... 
2019-10-16 03:33:30 +0000  1136 bytes for ./Payload/O2Oapp.app/Base.lproj/LaunchScreen.storyboardc/01J-lp-oVM-view-Ze5-6b-2t3.nib
copying file ./Payload/O2Oapp.app/Base.lproj/LaunchScreen.storyboardc/UIViewController-01J-lp-oVM.nib ... 
2019-10-16 03:33:30 +0000  832 bytes for ./Payload/O2Oapp.app/Base.lproj/LaunchScreen.storyboardc/UIViewController-01J-lp-oVM.nib
copying file ./Payload/O2Oapp.app/Base.lproj/LaunchScreen.storyboardc/Info.plist ... 
2019-10-16 03:33:30 +0000  258 bytes for ./Payload/O2Oapp.app/Base.lproj/LaunchScreen.storyboardc/Info.plist
copying file ./Payload/O2Oapp.app/O2Oapp ... 
2019-10-16 03:33:30 +0000  70368 bytes for ./Payload/O2Oapp.app/O2Oapp
copying file ./Payload/O2Oapp.app/embedded.mobileprovision ... 
2019-10-16 03:33:30 +0000  7637 bytes for ./Payload/O2Oapp.app/embedded.mobileprovision
copying file ./Payload/O2Oapp.app/Info.plist ... 
2019-10-16 03:33:30 +0000  2469 bytes for ./Payload/O2Oapp.app/Info.plist
copying file ./Payload/O2Oapp.app/PkgInfo ... 
8 bytes for ./Payload/O2Oapp.app/PkgInfo
2019-10-16 03:33:30 +0000  /usr/bin/ditto exited with 0
2019-10-16 03:33:30 +0000  Processing step: IDEDistributionAppStoreInformationStep
2019-10-16 03:33:30 +0000  Skipping step: IDEDistributionAppStoreInformationStep because it said so
2019-10-16 03:33:30 +0000  Processing step: IDEDistributionCreateManifestStep
